2021-12-13T14:05:38+00:00 CRITICAL Uncaught Error: Class "SoapClient" not found in C:\xampp\htdocs\wordpress\wp-content\plugins\flexible-shipping-fedex\vendor_prefixed\jeremy-dunn\php-fedex-api-wrapper\src\FedEx\AbstractRequest.php:46
Stack trace:
#0 C:\xampp\htdocs\wordpress\wp-content\plugins\flexible-shipping-fedex\vendor_prefixed\wpdesk\fedex-shipping-service\src\FedexShippingService\FedexApi\ConnectionChecker.php(106): FedExVendor\FedEx\AbstractRequest->__construct()
#1 C:\xampp\htdocs\wordpress\wp-content\plugins\flexible-shipping-fedex\vendor_prefixed\wpdesk\fedex-shipping-service\src\FedexShippingService\FedexShippingService.php(241): FedExVendor\WPDesk\FedexShippingService\FedexApi\ConnectionChecker->check_connection()
#2 C:\xampp\htdocs\wordpress\wp-content\plugins\flexible-shipping-fedex\vendor_prefixed\wpdesk\wp-woocommerce-shipping\src\WooCommerceShipping\CustomFields\ApiStatus\FieldApiStatusAjax.php(121): FedExVendor\WPDesk\FedexShippingService\FedexShippingService->check_connection(Object(FedExVendor\WPDesk\AbstractShipping\Settings\SettingsValuesAsArray), Object(Psr\Log\NullLogger))
#3 C:\xampp\htdocs\wordpress\wp-content\plugins\flexible-shipping-fedex\vendor_prefixed\wpdesk\wp-woocommerce-shipping\src\WooCommerceShipping\CustomFields\ApiStatus\FieldApiStatusAjax.php(66): FedExVendor\WPDesk\WooCommerceShipping\CustomFields\ApiStatus\FieldApiStatusAjax->check_connection_error()
#4 C:\xampp\htdocs\wordpress\wp-includes\class-wp-hook.php(303): FedExVendor\WPDesk\WooCommerceShipping\CustomFields\ApiStatus\FieldApiStatusAjax->handle_api_status_ajax_request('')
#5 C:\xampp\htdocs\wordpress\wp-includes\class-wp-hook.php(327): WP_Hook->apply_filters('', Array)
#6 C:\xampp\htdocs\wordpress\wp-includes\plugin.php(470): WP_Hook->do_action(Array)
#7 C:\xampp\htdocs\wordpress\wp-admin\admin-ajax.php(187): do_action('wp_ajax_wpdesk_...')
#8 {main}
  thrown en C:\xampp\htdocs\wordpress\wp-content\plugins\flexible-shipping-fedex\vendor_prefixed\jeremy-dunn\php-fedex-api-wrapper\src\FedEx\AbstractRequest.php en la línea 46

2021-12-13T14:06:35+00:00 CRITICAL Uncaught Error: Class "SoapClient" not found in C:\xampp\htdocs\wordpress\wp-content\plugins\flexible-shipping-fedex\vendor_prefixed\jeremy-dunn\php-fedex-api-wrapper\src\FedEx\AbstractRequest.php:46
Stack trace:
#0 C:\xampp\htdocs\wordpress\wp-content\plugins\flexible-shipping-fedex\vendor_prefixed\wpdesk\fedex-shipping-service\src\FedexShippingService\FedexApi\ConnectionChecker.php(106): FedExVendor\FedEx\AbstractRequest->__construct()
#1 C:\xampp\htdocs\wordpress\wp-content\plugins\flexible-shipping-fedex\vendor_prefixed\wpdesk\fedex-shipping-service\src\FedexShippingService\FedexShippingService.php(241): FedExVendor\WPDesk\FedexShippingService\FedexApi\ConnectionChecker->check_connection()
#2 C:\xampp\htdocs\wordpress\wp-content\plugins\flexible-shipping-fedex\vendor_prefixed\wpdesk\wp-woocommerce-shipping\src\WooCommerceShipping\CustomFields\ApiStatus\FieldApiStatusAjax.php(121): FedExVendor\WPDesk\FedexShippingService\FedexShippingService->check_connection(Object(FedExVendor\WPDesk\AbstractShipping\Settings\SettingsValuesAsArray), Object(Psr\Log\NullLogger))
#3 C:\xampp\htdocs\wordpress\wp-content\plugins\flexible-shipping-fedex\vendor_prefixed\wpdesk\wp-woocommerce-shipping\src\WooCommerceShipping\CustomFields\ApiStatus\FieldApiStatusAjax.php(66): FedExVendor\WPDesk\WooCommerceShipping\CustomFields\ApiStatus\FieldApiStatusAjax->check_connection_error()
#4 C:\xampp\htdocs\wordpress\wp-includes\class-wp-hook.php(303): FedExVendor\WPDesk\WooCommerceShipping\CustomFields\ApiStatus\FieldApiStatusAjax->handle_api_status_ajax_request('')
#5 C:\xampp\htdocs\wordpress\wp-includes\class-wp-hook.php(327): WP_Hook->apply_filters('', Array)
#6 C:\xampp\htdocs\wordpress\wp-includes\plugin.php(470): WP_Hook->do_action(Array)
#7 C:\xampp\htdocs\wordpress\wp-admin\admin-ajax.php(187): do_action('wp_ajax_wpdesk_...')
#8 {main}
  thrown en C:\xampp\htdocs\wordpress\wp-content\plugins\flexible-shipping-fedex\vendor_prefixed\jeremy-dunn\php-fedex-api-wrapper\src\FedEx\AbstractRequest.php en la línea 46

2021-12-13T14:12:26+00:00 CRITICAL Uncaught Error: Class "SoapClient" not found in C:\xampp\htdocs\wordpress\wp-content\plugins\flexible-shipping-fedex\vendor_prefixed\jeremy-dunn\php-fedex-api-wrapper\src\FedEx\AbstractRequest.php:46
Stack trace:
#0 C:\xampp\htdocs\wordpress\wp-content\plugins\flexible-shipping-fedex\vendor_prefixed\wpdesk\fedex-shipping-service\src\FedexShippingService\FedexApi\ConnectionChecker.php(106): FedExVendor\FedEx\AbstractRequest->__construct()
#1 C:\xampp\htdocs\wordpress\wp-content\plugins\flexible-shipping-fedex\vendor_prefixed\wpdesk\fedex-shipping-service\src\FedexShippingService\FedexShippingService.php(241): FedExVendor\WPDesk\FedexShippingService\FedexApi\ConnectionChecker->check_connection()
#2 C:\xampp\htdocs\wordpress\wp-content\plugins\flexible-shipping-fedex\vendor_prefixed\wpdesk\wp-woocommerce-shipping\src\WooCommerceShipping\CustomFields\ApiStatus\FieldApiStatusAjax.php(121): FedExVendor\WPDesk\FedexShippingService\FedexShippingService->check_connection(Object(FedExVendor\WPDesk\AbstractShipping\Settings\SettingsValuesAsArray), Object(Psr\Log\NullLogger))
#3 C:\xampp\htdocs\wordpress\wp-content\plugins\flexible-shipping-fedex\vendor_prefixed\wpdesk\wp-woocommerce-shipping\src\WooCommerceShipping\CustomFields\ApiStatus\FieldApiStatusAjax.php(66): FedExVendor\WPDesk\WooCommerceShipping\CustomFields\ApiStatus\FieldApiStatusAjax->check_connection_error()
#4 C:\xampp\htdocs\wordpress\wp-includes\class-wp-hook.php(303): FedExVendor\WPDesk\WooCommerceShipping\CustomFields\ApiStatus\FieldApiStatusAjax->handle_api_status_ajax_request('')
#5 C:\xampp\htdocs\wordpress\wp-includes\class-wp-hook.php(327): WP_Hook->apply_filters('', Array)
#6 C:\xampp\htdocs\wordpress\wp-includes\plugin.php(470): WP_Hook->do_action(Array)
#7 C:\xampp\htdocs\wordpress\wp-admin\admin-ajax.php(187): do_action('wp_ajax_wpdesk_...')
#8 {main}
  thrown en C:\xampp\htdocs\wordpress\wp-content\plugins\flexible-shipping-fedex\vendor_prefixed\jeremy-dunn\php-fedex-api-wrapper\src\FedEx\AbstractRequest.php en la línea 46

2021-12-13T14:18:00+00:00 CRITICAL Uncaught Error: Class "SoapClient" not found in C:\xampp\htdocs\wordpress\wp-content\plugins\flexible-shipping-fedex\vendor_prefixed\jeremy-dunn\php-fedex-api-wrapper\src\FedEx\AbstractRequest.php:46
Stack trace:
#0 C:\xampp\htdocs\wordpress\wp-content\plugins\flexible-shipping-fedex\vendor_prefixed\wpdesk\fedex-shipping-service\src\FedexShippingService\FedexApi\ConnectionChecker.php(106): FedExVendor\FedEx\AbstractRequest->__construct()
#1 C:\xampp\htdocs\wordpress\wp-content\plugins\flexible-shipping-fedex\vendor_prefixed\wpdesk\fedex-shipping-service\src\FedexShippingService\FedexShippingService.php(241): FedExVendor\WPDesk\FedexShippingService\FedexApi\ConnectionChecker->check_connection()
#2 C:\xampp\htdocs\wordpress\wp-content\plugins\flexible-shipping-fedex\vendor_prefixed\wpdesk\wp-woocommerce-shipping\src\WooCommerceShipping\CustomFields\ApiStatus\FieldApiStatusAjax.php(121): FedExVendor\WPDesk\FedexShippingService\FedexShippingService->check_connection(Object(FedExVendor\WPDesk\AbstractShipping\Settings\SettingsValuesAsArray), Object(Psr\Log\NullLogger))
#3 C:\xampp\htdocs\wordpress\wp-content\plugins\flexible-shipping-fedex\vendor_prefixed\wpdesk\wp-woocommerce-shipping\src\WooCommerceShipping\CustomFields\ApiStatus\FieldApiStatusAjax.php(66): FedExVendor\WPDesk\WooCommerceShipping\CustomFields\ApiStatus\FieldApiStatusAjax->check_connection_error()
#4 C:\xampp\htdocs\wordpress\wp-includes\class-wp-hook.php(303): FedExVendor\WPDesk\WooCommerceShipping\CustomFields\ApiStatus\FieldApiStatusAjax->handle_api_status_ajax_request('')
#5 C:\xampp\htdocs\wordpress\wp-includes\class-wp-hook.php(327): WP_Hook->apply_filters('', Array)
#6 C:\xampp\htdocs\wordpress\wp-includes\plugin.php(470): WP_Hook->do_action(Array)
#7 C:\xampp\htdocs\wordpress\wp-admin\admin-ajax.php(187): do_action('wp_ajax_wpdesk_...')
#8 {main}
  thrown en C:\xampp\htdocs\wordpress\wp-content\plugins\flexible-shipping-fedex\vendor_prefixed\jeremy-dunn\php-fedex-api-wrapper\src\FedEx\AbstractRequest.php en la línea 46

2021-12-13T14:44:14+00:00 CRITICAL Uncaught Error: Class "SoapClient" not found in C:\xampp\htdocs\wordpress\wp-content\plugins\flexible-shipping-fedex\vendor_prefixed\jeremy-dunn\php-fedex-api-wrapper\src\FedEx\AbstractRequest.php:46
Stack trace:
#0 C:\xampp\htdocs\wordpress\wp-content\plugins\flexible-shipping-fedex\vendor_prefixed\wpdesk\fedex-shipping-service\src\FedexShippingService\FedexApi\ConnectionChecker.php(106): FedExVendor\FedEx\AbstractRequest->__construct()
#1 C:\xampp\htdocs\wordpress\wp-content\plugins\flexible-shipping-fedex\vendor_prefixed\wpdesk\fedex-shipping-service\src\FedexShippingService\FedexShippingService.php(241): FedExVendor\WPDesk\FedexShippingService\FedexApi\ConnectionChecker->check_connection()
#2 C:\xampp\htdocs\wordpress\wp-content\plugins\flexible-shipping-fedex\vendor_prefixed\wpdesk\wp-woocommerce-shipping\src\WooCommerceShipping\CustomFields\ApiStatus\FieldApiStatusAjax.php(121): FedExVendor\WPDesk\FedexShippingService\FedexShippingService->check_connection(Object(FedExVendor\WPDesk\AbstractShipping\Settings\SettingsValuesAsArray), Object(Psr\Log\NullLogger))
#3 C:\xampp\htdocs\wordpress\wp-content\plugins\flexible-shipping-fedex\vendor_prefixed\wpdesk\wp-woocommerce-shipping\src\WooCommerceShipping\CustomFields\ApiStatus\FieldApiStatusAjax.php(66): FedExVendor\WPDesk\WooCommerceShipping\CustomFields\ApiStatus\FieldApiStatusAjax->check_connection_error()
#4 C:\xampp\htdocs\wordpress\wp-includes\class-wp-hook.php(303): FedExVendor\WPDesk\WooCommerceShipping\CustomFields\ApiStatus\FieldApiStatusAjax->handle_api_status_ajax_request('')
#5 C:\xampp\htdocs\wordpress\wp-includes\class-wp-hook.php(327): WP_Hook->apply_filters('', Array)
#6 C:\xampp\htdocs\wordpress\wp-includes\plugin.php(470): WP_Hook->do_action(Array)
#7 C:\xampp\htdocs\wordpress\wp-admin\admin-ajax.php(187): do_action('wp_ajax_wpdesk_...')
#8 {main}
  thrown en C:\xampp\htdocs\wordpress\wp-content\plugins\flexible-shipping-fedex\vendor_prefixed\jeremy-dunn\php-fedex-api-wrapper\src\FedEx\AbstractRequest.php en la línea 46

2021-12-13T14:49:46+00:00 CRITICAL Uncaught Error: Class "SoapClient" not found in C:\xampp\htdocs\wordpress\wp-content\plugins\flexible-shipping-fedex\vendor_prefixed\jeremy-dunn\php-fedex-api-wrapper\src\FedEx\AbstractRequest.php:46
Stack trace:
#0 C:\xampp\htdocs\wordpress\wp-content\plugins\flexible-shipping-fedex\vendor_prefixed\wpdesk\fedex-shipping-service\src\FedexShippingService\FedexApi\ConnectionChecker.php(106): FedExVendor\FedEx\AbstractRequest->__construct()
#1 C:\xampp\htdocs\wordpress\wp-content\plugins\flexible-shipping-fedex\vendor_prefixed\wpdesk\fedex-shipping-service\src\FedexShippingService\FedexShippingService.php(241): FedExVendor\WPDesk\FedexShippingService\FedexApi\ConnectionChecker->check_connection()
#2 C:\xampp\htdocs\wordpress\wp-content\plugins\flexible-shipping-fedex\vendor_prefixed\wpdesk\wp-woocommerce-shipping\src\WooCommerceShipping\CustomFields\ApiStatus\FieldApiStatusAjax.php(121): FedExVendor\WPDesk\FedexShippingService\FedexShippingService->check_connection(Object(FedExVendor\WPDesk\AbstractShipping\Settings\SettingsValuesAsArray), Object(Psr\Log\NullLogger))
#3 C:\xampp\htdocs\wordpress\wp-content\plugins\flexible-shipping-fedex\vendor_prefixed\wpdesk\wp-woocommerce-shipping\src\WooCommerceShipping\CustomFields\ApiStatus\FieldApiStatusAjax.php(66): FedExVendor\WPDesk\WooCommerceShipping\CustomFields\ApiStatus\FieldApiStatusAjax->check_connection_error()
#4 C:\xampp\htdocs\wordpress\wp-includes\class-wp-hook.php(303): FedExVendor\WPDesk\WooCommerceShipping\CustomFields\ApiStatus\FieldApiStatusAjax->handle_api_status_ajax_request('')
#5 C:\xampp\htdocs\wordpress\wp-includes\class-wp-hook.php(327): WP_Hook->apply_filters('', Array)
#6 C:\xampp\htdocs\wordpress\wp-includes\plugin.php(470): WP_Hook->do_action(Array)
#7 C:\xampp\htdocs\wordpress\wp-admin\admin-ajax.php(187): do_action('wp_ajax_wpdesk_...')
#8 {main}
  thrown en C:\xampp\htdocs\wordpress\wp-content\plugins\flexible-shipping-fedex\vendor_prefixed\jeremy-dunn\php-fedex-api-wrapper\src\FedEx\AbstractRequest.php en la línea 46

2021-12-13T15:05:31+00:00 CRITICAL Uncaught Error: Class "SoapClient" not found in C:\xampp\htdocs\wordpress\wp-content\plugins\flexible-shipping-fedex\vendor_prefixed\jeremy-dunn\php-fedex-api-wrapper\src\FedEx\AbstractRequest.php:46
Stack trace:
#0 C:\xampp\htdocs\wordpress\wp-content\plugins\flexible-shipping-fedex\vendor_prefixed\wpdesk\fedex-shipping-service\src\FedexShippingService\FedexApi\ConnectionChecker.php(106): FedExVendor\FedEx\AbstractRequest->__construct()
#1 C:\xampp\htdocs\wordpress\wp-content\plugins\flexible-shipping-fedex\vendor_prefixed\wpdesk\fedex-shipping-service\src\FedexShippingService\FedexShippingService.php(241): FedExVendor\WPDesk\FedexShippingService\FedexApi\ConnectionChecker->check_connection()
#2 C:\xampp\htdocs\wordpress\wp-content\plugins\flexible-shipping-fedex\vendor_prefixed\wpdesk\wp-woocommerce-shipping\src\WooCommerceShipping\CustomFields\ApiStatus\FieldApiStatusAjax.php(121): FedExVendor\WPDesk\FedexShippingService\FedexShippingService->check_connection(Object(FedExVendor\WPDesk\AbstractShipping\Settings\SettingsValuesAsArray), Object(Psr\Log\NullLogger))
#3 C:\xampp\htdocs\wordpress\wp-content\plugins\flexible-shipping-fedex\vendor_prefixed\wpdesk\wp-woocommerce-shipping\src\WooCommerceShipping\CustomFields\ApiStatus\FieldApiStatusAjax.php(66): FedExVendor\WPDesk\WooCommerceShipping\CustomFields\ApiStatus\FieldApiStatusAjax->check_connection_error()
#4 C:\xampp\htdocs\wordpress\wp-includes\class-wp-hook.php(303): FedExVendor\WPDesk\WooCommerceShipping\CustomFields\ApiStatus\FieldApiStatusAjax->handle_api_status_ajax_request('')
#5 C:\xampp\htdocs\wordpress\wp-includes\class-wp-hook.php(327): WP_Hook->apply_filters('', Array)
#6 C:\xampp\htdocs\wordpress\wp-includes\plugin.php(470): WP_Hook->do_action(Array)
#7 C:\xampp\htdocs\wordpress\wp-admin\admin-ajax.php(187): do_action('wp_ajax_wpdesk_...')
#8 {main}
  thrown en C:\xampp\htdocs\wordpress\wp-content\plugins\flexible-shipping-fedex\vendor_prefixed\jeremy-dunn\php-fedex-api-wrapper\src\FedEx\AbstractRequest.php en la línea 46

2021-12-13T15:08:36+00:00 CRITICAL Uncaught Error: Class "SoapClient" not found in C:\xampp\htdocs\wordpress\wp-content\plugins\flexible-shipping-fedex\vendor_prefixed\jeremy-dunn\php-fedex-api-wrapper\src\FedEx\AbstractRequest.php:46
Stack trace:
#0 C:\xampp\htdocs\wordpress\wp-content\plugins\flexible-shipping-fedex\vendor_prefixed\wpdesk\fedex-shipping-service\src\FedexShippingService\FedexApi\ConnectionChecker.php(106): FedExVendor\FedEx\AbstractRequest->__construct()
#1 C:\xampp\htdocs\wordpress\wp-content\plugins\flexible-shipping-fedex\vendor_prefixed\wpdesk\fedex-shipping-service\src\FedexShippingService\FedexShippingService.php(241): FedExVendor\WPDesk\FedexShippingService\FedexApi\ConnectionChecker->check_connection()
#2 C:\xampp\htdocs\wordpress\wp-content\plugins\flexible-shipping-fedex\vendor_prefixed\wpdesk\wp-woocommerce-shipping\src\WooCommerceShipping\CustomFields\ApiStatus\FieldApiStatusAjax.php(121): FedExVendor\WPDesk\FedexShippingService\FedexShippingService->check_connection(Object(FedExVendor\WPDesk\AbstractShipping\Settings\SettingsValuesAsArray), Object(Psr\Log\NullLogger))
#3 C:\xampp\htdocs\wordpress\wp-content\plugins\flexible-shipping-fedex\vendor_prefixed\wpdesk\wp-woocommerce-shipping\src\WooCommerceShipping\CustomFields\ApiStatus\FieldApiStatusAjax.php(66): FedExVendor\WPDesk\WooCommerceShipping\CustomFields\ApiStatus\FieldApiStatusAjax->check_connection_error()
#4 C:\xampp\htdocs\wordpress\wp-includes\class-wp-hook.php(303): FedExVendor\WPDesk\WooCommerceShipping\CustomFields\ApiStatus\FieldApiStatusAjax->handle_api_status_ajax_request('')
#5 C:\xampp\htdocs\wordpress\wp-includes\class-wp-hook.php(327): WP_Hook->apply_filters('', Array)
#6 C:\xampp\htdocs\wordpress\wp-includes\plugin.php(470): WP_Hook->do_action(Array)
#7 C:\xampp\htdocs\wordpress\wp-admin\admin-ajax.php(187): do_action('wp_ajax_wpdesk_...')
#8 {main}
  thrown en C:\xampp\htdocs\wordpress\wp-content\plugins\flexible-shipping-fedex\vendor_prefixed\jeremy-dunn\php-fedex-api-wrapper\src\FedEx\AbstractRequest.php en la línea 46

2021-12-13T15:34:19+00:00 CRITICAL Uncaught TypeError: call_user_func_array(): Argument #1 ($function) must be a valid callback, class FedexPlugin does not have a method "load_plugin_textdomain" in C:\xampp\htdocs\wordpress\wp-includes\class-wp-hook.php:303
Stack trace:
#0 C:\xampp\htdocs\wordpress\wp-includes\class-wp-hook.php(327): WP_Hook->apply_filters(NULL, Array)
#1 C:\xampp\htdocs\wordpress\wp-includes\plugin.php(470): WP_Hook->do_action(Array)
#2 C:\xampp\htdocs\wordpress\wp-settings.php(441): do_action('plugins_loaded')
#3 C:\xampp\htdocs\wordpress\wp-config.php(90): require_once('C:\\xampp\\htdocs...')
#4 C:\xampp\htdocs\wordpress\wp-load.php(50): require_once('C:\\xampp\\htdocs...')
#5 C:\xampp\htdocs\wordpress\wp-cron.php(44): require_once('C:\\xampp\\htdocs...')
#6 {main}
  thrown en C:\xampp\htdocs\wordpress\wp-includes\class-wp-hook.php en la línea 303

2021-12-13T15:34:20+00:00 CRITICAL Uncaught TypeError: call_user_func_array(): Argument #1 ($function) must be a valid callback, class FedexPlugin does not have a method "load_plugin_textdomain" in C:\xampp\htdocs\wordpress\wp-includes\class-wp-hook.php:303
Stack trace:
#0 C:\xampp\htdocs\wordpress\wp-includes\class-wp-hook.php(327): WP_Hook->apply_filters(NULL, Array)
#1 C:\xampp\htdocs\wordpress\wp-includes\plugin.php(470): WP_Hook->do_action(Array)
#2 C:\xampp\htdocs\wordpress\wp-settings.php(441): do_action('plugins_loaded')
#3 C:\xampp\htdocs\wordpress\wp-config.php(90): require_once('C:\\xampp\\htdocs...')
#4 C:\xampp\htdocs\wordpress\wp-load.php(50): require_once('C:\\xampp\\htdocs...')
#5 C:\xampp\htdocs\wordpress\wp-admin\admin.php(34): require_once('C:\\xampp\\htdocs...')
#6 C:\xampp\htdocs\wordpress\wp-admin\plugins.php(10): require_once('C:\\xampp\\htdocs...')
#7 {main}
  thrown en C:\xampp\htdocs\wordpress\wp-includes\class-wp-hook.php en la línea 303

2021-12-13T15:34:22+00:00 CRITICAL Uncaught TypeError: call_user_func_array(): Argument #1 ($function) must be a valid callback, class FedexPlugin does not have a method "load_plugin_textdomain" in C:\xampp\htdocs\wordpress\wp-includes\class-wp-hook.php:303
Stack trace:
#0 C:\xampp\htdocs\wordpress\wp-includes\class-wp-hook.php(327): WP_Hook->apply_filters(NULL, Array)
#1 C:\xampp\htdocs\wordpress\wp-includes\plugin.php(470): WP_Hook->do_action(Array)
#2 C:\xampp\htdocs\wordpress\wp-settings.php(441): do_action('plugins_loaded')
#3 C:\xampp\htdocs\wordpress\wp-config.php(90): require_once('C:\\xampp\\htdocs...')
#4 C:\xampp\htdocs\wordpress\wp-load.php(50): require_once('C:\\xampp\\htdocs...')
#5 C:\xampp\htdocs\wordpress\wp-blog-header.php(13): require_once('C:\\xampp\\htdocs...')
#6 C:\xampp\htdocs\wordpress\index.php(17): require('C:\\xampp\\htdocs...')
#7 {main}
  thrown en C:\xampp\htdocs\wordpress\wp-includes\class-wp-hook.php en la línea 303

2021-12-13T15:35:23+00:00 CRITICAL Uncaught TypeError: call_user_func_array(): Argument #1 ($function) must be a valid callback, class FedexPlugin does not have a method "register_settings" in C:\xampp\htdocs\wordpress\wp-includes\class-wp-hook.php:303
Stack trace:
#0 C:\xampp\htdocs\wordpress\wp-includes\class-wp-hook.php(327): WP_Hook->apply_filters(NULL, Array)
#1 C:\xampp\htdocs\wordpress\wp-includes\plugin.php(470): WP_Hook->do_action(Array)
#2 C:\xampp\htdocs\wordpress\wp-admin\admin.php(175): do_action('admin_init')
#3 C:\xampp\htdocs\wordpress\wp-admin\plugins.php(10): require_once('C:\\xampp\\htdocs...')
#4 {main}
  thrown en C:\xampp\htdocs\wordpress\wp-includes\class-wp-hook.php en la línea 303

2021-12-13T17:55:27+00:00 CRITICAL Uncaught TypeError: call_user_func_array(): Argument #1 ($function) must be a valid callback, function "enqueue_styles" not found or invalid function name in C:\xampp\htdocs\wordpress\wp-includes\class-wp-hook.php:303
Stack trace:
#0 C:\xampp\htdocs\wordpress\wp-includes\class-wp-hook.php(327): WP_Hook->apply_filters(NULL, Array)
#1 C:\xampp\htdocs\wordpress\wp-includes\plugin.php(470): WP_Hook->do_action(Array)
#2 C:\xampp\htdocs\wordpress\wp-admin\admin-header.php(102): do_action('admin_enqueue_s...', 'fedex-shipping-...')
#3 C:\xampp\htdocs\wordpress\wp-admin\admin.php(287): require_once('C:\\xampp\\htdocs...')
#4 {main}
  thrown en C:\xampp\htdocs\wordpress\wp-includes\class-wp-hook.php en la línea 303

2021-12-13T19:52:57+00:00 CRITICAL Uncaught Error: Class "SoapClient" not found in C:\xampp\htdocs\wordpress\wp-content\plugins\flexible-shipping-fedex\vendor_prefixed\jeremy-dunn\php-fedex-api-wrapper\src\FedEx\AbstractRequest.php:46
Stack trace:
#0 C:\xampp\htdocs\wordpress\wp-content\plugins\flexible-shipping-fedex\vendor_prefixed\wpdesk\fedex-shipping-service\src\FedexShippingService\FedexApi\ConnectionChecker.php(106): FedExVendor\FedEx\AbstractRequest->__construct()
#1 C:\xampp\htdocs\wordpress\wp-content\plugins\flexible-shipping-fedex\vendor_prefixed\wpdesk\fedex-shipping-service\src\FedexShippingService\FedexShippingService.php(241): FedExVendor\WPDesk\FedexShippingService\FedexApi\ConnectionChecker->check_connection()
#2 C:\xampp\htdocs\wordpress\wp-content\plugins\flexible-shipping-fedex\vendor_prefixed\wpdesk\wp-woocommerce-shipping\src\WooCommerceShipping\CustomFields\ApiStatus\FieldApiStatusAjax.php(121): FedExVendor\WPDesk\FedexShippingService\FedexShippingService->check_connection(Object(FedExVendor\WPDesk\AbstractShipping\Settings\SettingsValuesAsArray), Object(Psr\Log\NullLogger))
#3 C:\xampp\htdocs\wordpress\wp-content\plugins\flexible-shipping-fedex\vendor_prefixed\wpdesk\wp-woocommerce-shipping\src\WooCommerceShipping\CustomFields\ApiStatus\FieldApiStatusAjax.php(66): FedExVendor\WPDesk\WooCommerceShipping\CustomFields\ApiStatus\FieldApiStatusAjax->check_connection_error()
#4 C:\xampp\htdocs\wordpress\wp-includes\class-wp-hook.php(303): FedExVendor\WPDesk\WooCommerceShipping\CustomFields\ApiStatus\FieldApiStatusAjax->handle_api_status_ajax_request('')
#5 C:\xampp\htdocs\wordpress\wp-includes\class-wp-hook.php(327): WP_Hook->apply_filters('', Array)
#6 C:\xampp\htdocs\wordpress\wp-includes\plugin.php(470): WP_Hook->do_action(Array)
#7 C:\xampp\htdocs\wordpress\wp-admin\admin-ajax.php(187): do_action('wp_ajax_wpdesk_...')
#8 {main}
  thrown en C:\xampp\htdocs\wordpress\wp-content\plugins\flexible-shipping-fedex\vendor_prefixed\jeremy-dunn\php-fedex-api-wrapper\src\FedEx\AbstractRequest.php en la línea 46

