2021-12-15T12:10:44+00:00 CRITICAL Uncaught TypeError: call_user_func_array(): Argument #1 ($function) must be a valid callback, class FedexPlugin does not have a method "configuration" in C:\xampp\htdocs\wordpress\wp-includes\class-wp-hook.php:303
Stack trace:
#0 C:\xampp\htdocs\wordpress\wp-includes\class-wp-hook.php(327): WP_Hook->apply_filters('', Array)
#1 C:\xampp\htdocs\wordpress\wp-includes\plugin.php(470): WP_Hook->do_action(Array)
#2 C:\xampp\htdocs\wordpress\wp-admin\admin-ajax.php(187): do_action('wp_ajax_configu...')
#3 {main}
  thrown en C:\xampp\htdocs\wordpress\wp-includes\class-wp-hook.php en la línea 303

2021-12-15T12:11:52+00:00 CRITICAL Uncaught TypeError: call_user_func_array(): Argument #1 ($function) must be a valid callback, class FedexPlugin does not have a method "configuration" in C:\xampp\htdocs\wordpress\wp-includes\class-wp-hook.php:303
Stack trace:
#0 C:\xampp\htdocs\wordpress\wp-includes\class-wp-hook.php(327): WP_Hook->apply_filters('', Array)
#1 C:\xampp\htdocs\wordpress\wp-includes\plugin.php(470): WP_Hook->do_action(Array)
#2 C:\xampp\htdocs\wordpress\wp-admin\admin-ajax.php(187): do_action('wp_ajax_configu...')
#3 {main}
  thrown en C:\xampp\htdocs\wordpress\wp-includes\class-wp-hook.php en la línea 303

2021-12-15T12:17:46+00:00 CRITICAL Uncaught TypeError: call_user_func_array(): Argument #1 ($function) must be a valid callback, class FedexPlugin does not have a method "configuration" in C:\xampp\htdocs\wordpress\wp-includes\class-wp-hook.php:303
Stack trace:
#0 C:\xampp\htdocs\wordpress\wp-includes\class-wp-hook.php(327): WP_Hook->apply_filters('', Array)
#1 C:\xampp\htdocs\wordpress\wp-includes\plugin.php(470): WP_Hook->do_action(Array)
#2 C:\xampp\htdocs\wordpress\wp-admin\admin-ajax.php(187): do_action('wp_ajax_configu...')
#3 {main}
  thrown en C:\xampp\htdocs\wordpress\wp-includes\class-wp-hook.php en la línea 303

2021-12-15T12:22:30+00:00 CRITICAL Uncaught TypeError: call_user_func_array(): Argument #1 ($function) must be a valid callback, class FedexPlugin does not have a method "configuration" in C:\xampp\htdocs\wordpress\wp-includes\class-wp-hook.php:303
Stack trace:
#0 C:\xampp\htdocs\wordpress\wp-includes\class-wp-hook.php(327): WP_Hook->apply_filters('', Array)
#1 C:\xampp\htdocs\wordpress\wp-includes\plugin.php(470): WP_Hook->do_action(Array)
#2 C:\xampp\htdocs\wordpress\wp-admin\admin-ajax.php(187): do_action('wp_ajax_configu...')
#3 {main}
  thrown en C:\xampp\htdocs\wordpress\wp-includes\class-wp-hook.php en la línea 303

2021-12-15T12:24:29+00:00 CRITICAL Uncaught TypeError: call_user_func_array(): Argument #1 ($function) must be a valid callback, class FedexPlugin does not have a method "save" in C:\xampp\htdocs\wordpress\wp-includes\class-wp-hook.php:303
Stack trace:
#0 C:\xampp\htdocs\wordpress\wp-includes\class-wp-hook.php(327): WP_Hook->apply_filters('', Array)
#1 C:\xampp\htdocs\wordpress\wp-includes\plugin.php(470): WP_Hook->do_action(Array)
#2 C:\xampp\htdocs\wordpress\wp-admin\admin-ajax.php(187): do_action('wp_ajax_configu...')
#3 {main}
  thrown en C:\xampp\htdocs\wordpress\wp-includes\class-wp-hook.php en la línea 303

2021-12-15T12:25:30+00:00 CRITICAL Uncaught TypeError: call_user_func_array(): Argument #1 ($function) must be a valid callback, class FedexPlugin does not have a method "configuration" in C:\xampp\htdocs\wordpress\wp-includes\class-wp-hook.php:303
Stack trace:
#0 C:\xampp\htdocs\wordpress\wp-includes\class-wp-hook.php(327): WP_Hook->apply_filters('', Array)
#1 C:\xampp\htdocs\wordpress\wp-includes\plugin.php(470): WP_Hook->do_action(Array)
#2 C:\xampp\htdocs\wordpress\wp-admin\admin-ajax.php(187): do_action('wp_ajax_configu...')
#3 {main}
  thrown en C:\xampp\htdocs\wordpress\wp-includes\class-wp-hook.php en la línea 303

2021-12-15T12:26:34+00:00 CRITICAL Uncaught TypeError: call_user_func_array(): Argument #1 ($function) must be a valid callback, class FedexPlugin does not have a method "configuration" in C:\xampp\htdocs\wordpress\wp-includes\class-wp-hook.php:303
Stack trace:
#0 C:\xampp\htdocs\wordpress\wp-includes\class-wp-hook.php(327): WP_Hook->apply_filters('', Array)
#1 C:\xampp\htdocs\wordpress\wp-includes\plugin.php(470): WP_Hook->do_action(Array)
#2 C:\xampp\htdocs\wordpress\wp-admin\admin-ajax.php(187): do_action('wp_ajax_configu...')
#3 {main}
  thrown en C:\xampp\htdocs\wordpress\wp-includes\class-wp-hook.php en la línea 303

2021-12-15T12:28:37+00:00 CRITICAL Uncaught TypeError: call_user_func_array(): Argument #1 ($function) must be a valid callback, class FedexPlugin does not have a method "configuration" in C:\xampp\htdocs\wordpress\wp-includes\class-wp-hook.php:303
Stack trace:
#0 C:\xampp\htdocs\wordpress\wp-includes\class-wp-hook.php(327): WP_Hook->apply_filters('', Array)
#1 C:\xampp\htdocs\wordpress\wp-includes\plugin.php(470): WP_Hook->do_action(Array)
#2 C:\xampp\htdocs\wordpress\wp-admin\admin-ajax.php(187): do_action('wp_ajax_configu...')
#3 {main}
  thrown en C:\xampp\htdocs\wordpress\wp-includes\class-wp-hook.php en la línea 303

2021-12-15T12:30:45+00:00 CRITICAL Uncaught TypeError: call_user_func_array(): Argument #1 ($function) must be a valid callback, class FedexPlugin does not have a method "save_configuration" in C:\xampp\htdocs\wordpress\wp-includes\class-wp-hook.php:303
Stack trace:
#0 C:\xampp\htdocs\wordpress\wp-includes\class-wp-hook.php(327): WP_Hook->apply_filters('', Array)
#1 C:\xampp\htdocs\wordpress\wp-includes\plugin.php(470): WP_Hook->do_action(Array)
#2 C:\xampp\htdocs\wordpress\wp-admin\admin-ajax.php(187): do_action('wp_ajax_configu...')
#3 {main}
  thrown en C:\xampp\htdocs\wordpress\wp-includes\class-wp-hook.php en la línea 303

2021-12-15T12:38:56+00:00 CRITICAL Uncaught Error: Call to undefined function select() in C:\xampp\htdocs\wordpress\wp-content\plugins\fedex-shipping-intra_MX\fedex-shipping-intra_MX.php:292
Stack trace:
#0 C:\xampp\htdocs\wordpress\wp-includes\class-wp-hook.php(303): FedexPlugin->save_configuration('')
#1 C:\xampp\htdocs\wordpress\wp-includes\class-wp-hook.php(327): WP_Hook->apply_filters('', Array)
#2 C:\xampp\htdocs\wordpress\wp-includes\plugin.php(470): WP_Hook->do_action(Array)
#3 C:\xampp\htdocs\wordpress\wp-admin\admin-ajax.php(187): do_action('wp_ajax_configu...')
#4 {main}
  thrown en C:\xampp\htdocs\wordpress\wp-content\plugins\fedex-shipping-intra_MX\fedex-shipping-intra_MX.php en la línea 292

2021-12-15T12:39:46+00:00 CRITICAL Uncaught Error: Call to undefined function select() in C:\xampp\htdocs\wordpress\wp-content\plugins\fedex-shipping-intra_MX\fedex-shipping-intra_MX.php:291
Stack trace:
#0 C:\xampp\htdocs\wordpress\wp-includes\class-wp-hook.php(303): FedexPlugin->save_configuration('')
#1 C:\xampp\htdocs\wordpress\wp-includes\class-wp-hook.php(327): WP_Hook->apply_filters('', Array)
#2 C:\xampp\htdocs\wordpress\wp-includes\plugin.php(470): WP_Hook->do_action(Array)
#3 C:\xampp\htdocs\wordpress\wp-admin\admin-ajax.php(187): do_action('wp_ajax_configu...')
#4 {main}
  thrown en C:\xampp\htdocs\wordpress\wp-content\plugins\fedex-shipping-intra_MX\fedex-shipping-intra_MX.php en la línea 291

2021-12-15T12:40:31+00:00 CRITICAL Uncaught Error: Call to undefined function select() in C:\xampp\htdocs\wordpress\wp-content\plugins\fedex-shipping-intra_MX\fedex-shipping-intra_MX.php:291
Stack trace:
#0 C:\xampp\htdocs\wordpress\wp-includes\class-wp-hook.php(303): FedexPlugin->save_configuration('')
#1 C:\xampp\htdocs\wordpress\wp-includes\class-wp-hook.php(327): WP_Hook->apply_filters('', Array)
#2 C:\xampp\htdocs\wordpress\wp-includes\plugin.php(470): WP_Hook->do_action(Array)
#3 C:\xampp\htdocs\wordpress\wp-admin\admin-ajax.php(187): do_action('wp_ajax_configu...')
#4 {main}
  thrown en C:\xampp\htdocs\wordpress\wp-content\plugins\fedex-shipping-intra_MX\fedex-shipping-intra_MX.php en la línea 291

2021-12-15T12:40:43+00:00 CRITICAL Uncaught Error: Call to undefined function select() in C:\xampp\htdocs\wordpress\wp-content\plugins\fedex-shipping-intra_MX\fedex-shipping-intra_MX.php:291
Stack trace:
#0 C:\xampp\htdocs\wordpress\wp-includes\class-wp-hook.php(303): FedexPlugin->save_configuration('')
#1 C:\xampp\htdocs\wordpress\wp-includes\class-wp-hook.php(327): WP_Hook->apply_filters('', Array)
#2 C:\xampp\htdocs\wordpress\wp-includes\plugin.php(470): WP_Hook->do_action(Array)
#3 C:\xampp\htdocs\wordpress\wp-admin\admin-ajax.php(187): do_action('wp_ajax_configu...')
#4 {main}
  thrown en C:\xampp\htdocs\wordpress\wp-content\plugins\fedex-shipping-intra_MX\fedex-shipping-intra_MX.php en la línea 291

2021-12-15T12:41:11+00:00 CRITICAL Uncaught Error: Call to undefined function select() in C:\xampp\htdocs\wordpress\wp-content\plugins\fedex-shipping-intra_MX\fedex-shipping-intra_MX.php:291
Stack trace:
#0 C:\xampp\htdocs\wordpress\wp-includes\class-wp-hook.php(303): FedexPlugin->save_configuration('')
#1 C:\xampp\htdocs\wordpress\wp-includes\class-wp-hook.php(327): WP_Hook->apply_filters('', Array)
#2 C:\xampp\htdocs\wordpress\wp-includes\plugin.php(470): WP_Hook->do_action(Array)
#3 C:\xampp\htdocs\wordpress\wp-admin\admin-ajax.php(187): do_action('wp_ajax_configu...')
#4 {main}
  thrown en C:\xampp\htdocs\wordpress\wp-content\plugins\fedex-shipping-intra_MX\fedex-shipping-intra_MX.php en la línea 291

2021-12-15T12:41:26+00:00 CRITICAL Uncaught Error: Call to undefined function select() in C:\xampp\htdocs\wordpress\wp-content\plugins\fedex-shipping-intra_MX\fedex-shipping-intra_MX.php:291
Stack trace:
#0 C:\xampp\htdocs\wordpress\wp-includes\class-wp-hook.php(303): FedexPlugin->save_configuration('')
#1 C:\xampp\htdocs\wordpress\wp-includes\class-wp-hook.php(327): WP_Hook->apply_filters('', Array)
#2 C:\xampp\htdocs\wordpress\wp-includes\plugin.php(470): WP_Hook->do_action(Array)
#3 C:\xampp\htdocs\wordpress\wp-admin\admin-ajax.php(187): do_action('wp_ajax_configu...')
#4 {main}
  thrown en C:\xampp\htdocs\wordpress\wp-content\plugins\fedex-shipping-intra_MX\fedex-shipping-intra_MX.php en la línea 291

2021-12-15T12:42:55+00:00 CRITICAL Uncaught ArgumentCountError: Too few arguments to function wpdb::select(), 0 passed in C:\xampp\htdocs\wordpress\wp-content\plugins\fedex-shipping-intra_MX\fedex-shipping-intra_MX.php on line 291 and at least 1 expected in C:\xampp\htdocs\wordpress\wp-includes\wp-db.php:1078
Stack trace:
#0 C:\xampp\htdocs\wordpress\wp-content\plugins\fedex-shipping-intra_MX\fedex-shipping-intra_MX.php(291): wpdb->select()
#1 C:\xampp\htdocs\wordpress\wp-includes\class-wp-hook.php(303): FedexPlugin->save_configuration('')
#2 C:\xampp\htdocs\wordpress\wp-includes\class-wp-hook.php(327): WP_Hook->apply_filters('', Array)
#3 C:\xampp\htdocs\wordpress\wp-includes\plugin.php(470): WP_Hook->do_action(Array)
#4 C:\xampp\htdocs\wordpress\wp-admin\admin-ajax.php(187): do_action('wp_ajax_configu...')
#5 {main}
  thrown en C:\xampp\htdocs\wordpress\wp-includes\wp-db.php en la línea 1078

2021-12-15T13:51:12+00:00 CRITICAL Cannot declare class fedexPlugin, because the name is already in use en C:\xampp\htdocs\wordpress\wp-content\plugins\fedexPuginMasterWoocomerce\fedexPlugin.php en la línea 31

2021-12-15T13:51:23+00:00 CRITICAL Cannot declare class fedexPlugin, because the name is already in use en C:\xampp\htdocs\wordpress\wp-content\plugins\fedexPuginMasterWoocomerce\fedexPlugin.php en la línea 31

2021-12-15T13:51:24+00:00 CRITICAL Cannot declare class fedexPlugin, because the name is already in use en C:\xampp\htdocs\wordpress\wp-content\plugins\fedexPuginMasterWoocomerce\fedexPlugin.php en la línea 31

2021-12-15T14:02:13+00:00 CRITICAL Uncaught TypeError: call_user_func_array(): Argument #1 ($function) must be a valid callback, class FedexPlugin does not have a method "ajaxUrl" in C:\xampp\htdocs\wordpress\wp-includes\class-wp-hook.php:303
Stack trace:
#0 C:\xampp\htdocs\wordpress\wp-includes\class-wp-hook.php(327): WP_Hook->apply_filters(NULL, Array)
#1 C:\xampp\htdocs\wordpress\wp-includes\plugin.php(470): WP_Hook->do_action(Array)
#2 C:\xampp\htdocs\wordpress\wp-includes\general-template.php(3015): do_action('wp_head')
#3 C:\xampp\htdocs\wordpress\wp-content\themes\envo-online-store\header.php(7): wp_head()
#4 C:\xampp\htdocs\wordpress\wp-includes\template.php(770): require_once('C:\\xampp\\htdocs...')
#5 C:\xampp\htdocs\wordpress\wp-includes\template.php(716): load_template('C:\\xampp\\htdocs...', true, Array)
#6 C:\xampp\htdocs\wordpress\wp-includes\general-template.php(48): locate_template(Array, true, true, Array)
#7 C:\xampp\htdocs\wordpress\wp-content\themes\envo-online-store\404.php(1): get_header()
#8 C:\xampp\htdocs\wordpress\wp-includes\template-loader.php(106): include('C:\\xampp\\htdocs...')
#9 C:\xampp\htdocs\wordpress\wp-blog-header.php(19): require_once('C:\\xampp\\htdocs...')
#10 C:\xampp\htdocs\wordpress\index.php(17): require('C:\\xampp\\htdocs...')
#11 {main}
  thrown en C:\xampp\htdocs\wordpress\wp-includes\class-wp-hook.php en la línea 303

